app/build/outputs/logs/manifest-merger-debug-report.txt
-- Merging decision tree log ---
manifest
ADDED from src\main\AndroidManifest.xml:1:1-73:12
	package
		ADDED from src\main\AndroidManifest.xml:2:5-38
		INJECTED from src\main\AndroidManifest.xml
		INJECTED from src\main\AndroidManifest.xml
	android:versionName
		ADDED from src\main\AndroidManifest.xml:4:5-30
		INJECTED from src\main\AndroidManifest.xml
		INJECTED from src\main\AndroidManifest.xml
	android:versionCode
		ADDED from src\main\AndroidManifest.xml:3:5-28
		INJECTED from src\main\AndroidManifest.xml
		INJECTED from src\main\AndroidManifest.xml
	xmlns:android
		ADDED from src\main\AndroidManifest.xml:1:11-69
uses-sdk
ADDED from src\main\AndroidManifest.xml:5:5-7:41
	android:targetSdkVersion
		ADDED from src\main\AndroidManifest.xml:7:9-38
		INJECTED from src\main\AndroidManifest.xml
		INJECTED from src\main\AndroidManifest.xml
	android:minSdkVersion
		ADDED from src\main\AndroidManifest.xml:6:9-35
		INJECTED from src\main\AndroidManifest.xml
		INJECTED from src\main\AndroidManifest.xml
uses-permission#android.permission.ACCESS_NETWORK_STATE
ADDED from src\main\AndroidManifest.xml:8:5-79
	android:name
		ADDED from src\main\AndroidManifest.xml:8:22-76
uses-permission#android.permission.ACCESS_WIFI_STATE
ADDED from src\main\AndroidManifest.xml:9:5-76
	android:name
		ADDED from src\main\AndroidManifest.xml:9:22-73
uses-permission#android.permission.READ_PHONE_STATE
ADDED from src\main\AndroidManifest.xml:10:5-75
	android:name
		ADDED from src\main\AndroidManifest.xml:10:22-72
uses-permission#android.permission.ACCESS_COARSE_LOCATION
ADDED from src\main\AndroidManifest.xml:11:5-81
	android:name
		ADDED from src\main\AndroidManifest.xml:11:22-78
uses-permission#android.permission.ACCESS_FINE_LOCATION
ADDED from src\main\AndroidManifest.xml:12:5-79
	android:name
		ADDED from src\main\AndroidManifest.xml:12:22-76
uses-permission#android.permission.WRITE_EXTERNAL_STORAGE
ADDED from src\main\AndroidManifest.xml:13:5-81
	android:name
		ADDED from src\main\AndroidManifest.xml:13:22-78
uses-permission#android.permission.INTERNET
ADDED from src\main\AndroidManifest.xml:14:5-67
	android:name
		ADDED from src\main\AndroidManifest.xml:14:22-64
uses-permission#android.permission.READ_LOGS
ADDED from src\main\AndroidManifest.xml:15:5-68
	android:name
		ADDED from src\main\AndroidManifest.xml:15:22-65
uses-permission#android.permission.CALL_PHONE
ADDED from src\main\AndroidManifest.xml:16:5-69
	android:name
		ADDED from src\main\AndroidManifest.xml:16:22-66
uses-permission#android.permission.CHANGE_WIFI_STATE
ADDED from src\main\AndroidManifest.xml:17:5-76
	android:name
		ADDED from src\main\AndroidManifest.xml:17:22-73
uses-permission#android.permission.FLASHLIGHT
ADDED from src\main\AndroidManifest.xml:18:5-69
	android:name
		ADDED from src\main\AndroidManifest.xml:18:22-66
uses-permission#android.permission.CAMERA
ADDED from src\main\AndroidManifest.xml:19:5-65
	android:name
		ADDED from src\main\AndroidManifest.xml:19:22-62
uses-permission#android.permission.VIBRATE
ADDED from src\main\AndroidManifest.xml:20:5-66
	android:name
		ADDED from src\main\AndroidManifest.xml:20:22-63
uses-permission#android.permission.CHANGE_WIFI_MULTICAST_STATE
ADDED from src\main\AndroidManifest.xml:22:5-86
	android:name
		ADDED from src\main\AndroidManifest.xml:22:22-83
uses-feature#android.hardware.camera
ADDED from src\main\AndroidManifest.xml:24:5-60
	android:name
		ADDED from src\main\AndroidManifest.xml:24:19-57
uses-feature#android.hardware.camera.autofocus
ADDED from src\main\AndroidManifest.xml:25:5-70
	android:name
		ADDED from src\main\AndroidManifest.xml:25:19-67
application
ADDED from src\main\AndroidManifest.xml:27:5-71:19
	android:allowBackup
		ADDED from src\main\AndroidManifest.xml:29:9-35
	android:icon
		ADDED from src\main\AndroidManifest.xml:30:9-45
	android:theme
		ADDED from src\main\AndroidManifest.xml:31:9-40
	android:name
		ADDED from src\main\AndroidManifest.xml:28:9-60
activity#com.gizwits.framework.activity.FlushActivity
ADDED from src\main\AndroidManifest.xml:32:9-39:20
	android:label
		ADDED from src\main\AndroidManifest.xml:34:13-45
	android:name
		ADDED from src\main\AndroidManifest.xml:33:13-72
intent-filter#android.intent.action.MAIN+android.intent.category.LAUNCHER
ADDED from src\main\AndroidManifest.xml:35:13-38:29
action#android.intent.action.MAIN
ADDED from src\main\AndroidManifest.xml:36:17-69
	android:name
		ADDED from src\main\AndroidManifest.xml:36:25-66
category#android.intent.category.LAUNCHER
ADDED from src\main\AndroidManifest.xml:37:17-77
	android:name
		ADDED from src\main\AndroidManifest.xml:37:27-74
activity#com.gizwits.framework.activity.BaseActivity
ADDED from src\main\AndroidManifest.xml:40:9-80
	android:name
		ADDED from src\main\AndroidManifest.xml:40:19-77
activity#com.gizwits.framework.activity.account.LoginActivity
ADDED from src\main\AndroidManifest.xml:41:9-89
	android:name
		ADDED from src\main\AndroidManifest.xml:41:19-86
activity#com.gizwits.framework.activity.account.RegisterActivity
ADDED from src\main\AndroidManifest.xml:42:9-92
	android:name
		ADDED from src\main\AndroidManifest.xml:42:19-89
activity#com.gizwits.framework.activity.account.ChangePswActivity
ADDED from src\main\AndroidManifest.xml:43:9-93
	android:name
		ADDED from src\main\AndroidManifest.xml:43:19-90
activity#com.gizwits.framework.activity.account.ForgetPswActivity
ADDED from src\main\AndroidManifest.xml:44:9-93
	android:name
		ADDED from src\main\AndroidManifest.xml:44:19-90
activity#com.gizwits.framework.activity.account.UserManageActivity
ADDED from src\main\AndroidManifest.xml:45:9-94
	android:name
		ADDED from src\main\AndroidManifest.xml:45:19-91
activity#com.gizwits.framework.activity.device.DeviceListActivity
ADDED from src\main\AndroidManifest.xml:46:9-48:85
	android:screenOrientation
		ADDED from src\main\AndroidManifest.xml:48:46-82
	android:launchMode
		ADDED from src\main\AndroidManifest.xml:48:13-44
	android:name
		ADDED from src\main\AndroidManifest.xml:47:13-84
activity#com.gizwits.framework.activity.device.DeviceManageListActivity
ADDED from src\main\AndroidManifest.xml:49:9-99
	android:name
		ADDED from src\main\AndroidManifest.xml:49:19-96
activity#com.gizwits.framework.activity.device.DeviceManageDetailActivity
ADDED from src\main\AndroidManifest.xml:50:9-101
	android:name
		ADDED from src\main\AndroidManifest.xml:50:19-98
activity#com.gizwits.framework.activity.onboarding.AirlinkActivity
ADDED from src\main\AndroidManifest.xml:51:9-131
	android:screenOrientation
		ADDED from src\main\AndroidManifest.xml:51:92-128
	android:name
		ADDED from src\main\AndroidManifest.xml:51:19-91
activity#com.gizwits.framework.activity.onboarding.AutoConfigActivity
ADDED from src\main\AndroidManifest.xml:52:9-97
	android:name
		ADDED from src\main\AndroidManifest.xml:52:19-94
activity#com.gizwits.framework.activity.onboarding.BindingDeviceActivity
ADDED from src\main\AndroidManifest.xml:53:9-100
	android:name
		ADDED from src\main\AndroidManifest.xml:53:19-97
activity#com.gizwits.framework.activity.onboarding.SearchDeviceActivity
ADDED from src\main\AndroidManifest.xml:54:9-56:47
	android:launchMode
		ADDED from src\main\AndroidManifest.xml:56:13-44
	android:name
		ADDED from src\main\AndroidManifest.xml:55:13-90
activity#com.gizwits.framework.activity.onboarding.SoftApConfigActivity
ADDED from src\main\AndroidManifest.xml:57:9-99
	android:name
		ADDED from src\main\AndroidManifest.xml:57:19-96
activity#com.gizwits.framework.activity.help.AboutActivity
ADDED from src\main\AndroidManifest.xml:58:9-86
	android:name
		ADDED from src\main\AndroidManifest.xml:58:19-83
activity#com.gizwits.framework.activity.help.HelpActivity
ADDED from src\main\AndroidManifest.xml:59:9-85
	android:name
		ADDED from src\main\AndroidManifest.xml:59:19-82
activity#zxing.CaptureActivity
ADDED from src\main\AndroidManifest.xml:60:9-63:52
	android:screenOrientation
		ADDED from src\main\AndroidManifest.xml:63:13-49
	android:configChanges
		ADDED from src\main\AndroidManifest.xml:62:13-63
	android:name
		ADDED from src\main\AndroidManifest.xml:61:13-49
activity#com.gizwits.powersocket.activity.control.MainControlActivity
ADDED from src\main\AndroidManifest.xml:64:9-66:84
	android:screenOrientation
		ADDED from src\main\AndroidManifest.xml:66:46-82
	android:launchMode
		ADDED from src\main\AndroidManifest.xml:66:13-44
	android:name
		ADDED from src\main\AndroidManifest.xml:65:13-88
activity#com.gizwits.powersocket.activity.control.AppointmentActivity
ADDED from src\main\AndroidManifest.xml:67:9-97
	android:name
		ADDED from src\main\AndroidManifest.xml:67:19-94
activity#com.gizwits.powersocket.activity.control.AlarmListActicity
ADDED from src\main\AndroidManifest.xml:68:9-95
	android:name
		ADDED from src\main\AndroidManifest.xml:68:19-92
activity#com.gizwits.framework.widget.AboutVersionActivity
ADDED from src\main\AndroidManifest.xml:69:9-70:20
	android:name
		ADDED from src\main\AndroidManifest.xml:69:19-83